Starting Dapr with id tapr-2023-equipe1-historicoaluno-dotnet. HTTP Port: 39811. gRPC Port: 41307
Updating metadata for cliPID: 38747
time="2023-11-24T00:48:41.688558228Z" level=info msg="Starting Dapr Runtime -- version 1.12.2 -- commit f954254ed520409602024ea6d507d0405afa1f07" app_id=tapr-2023-equipe1-historicoaluno-dotnet instance=codespaces-e5c463 scope=dapr.runtime type=log ver=1.12.2
time="2023-11-24T00:48:41.689161152Z" level=info msg="Log level set to: info" app_id=tapr-2023-equipe1-historicoaluno-dotnet instance=codespaces-e5c463 scope=dapr.runtime type=log ver=1.12.2
time="2023-11-24T00:48:41.690526598Z" level=warning msg="mTLS is disabled. Skipping certificate request and tls validation" app_id=tapr-2023-equipe1-historicoaluno-dotnet instance=codespaces-e5c463 scope=dapr.runtime.security type=log ver=1.12.2
time="2023-11-24T00:48:41.695652293Z" level=info msg="standalone mode configured" app_id=tapr-2023-equipe1-historicoaluno-dotnet instance=codespaces-e5c463 scope=dapr.runtime type=log ver=1.12.2
time="2023-11-24T00:48:41.696977373Z" level=info msg="app id: tapr-2023-equipe1-historicoaluno-dotnet" app_id=tapr-2023-equipe1-historicoaluno-dotnet instance=codespaces-e5c463 scope=dapr.runtime type=log ver=1.12.2
time="2023-11-24T00:48:41.697064816Z" level=info msg="Dapr trace sampler initialized: DaprTraceSampler(P=1.000000)" app_id=tapr-2023-equipe1-historicoaluno-dotnet instance=codespaces-e5c463 scope=dapr.runtime type=log ver=1.12.2
time="2023-11-24T00:48:41.700252037Z" level=info msg="metrics server started on :38101/" app_id=tapr-2023-equipe1-historicoaluno-dotnet instance=codespaces-e5c463 scope=dapr.runtime type=log ver=1.12.2
time="2023-11-24T00:48:41.707844099Z" level=info msg="local service entry announced: tapr-2023-equipe1-historicoaluno-dotnet -> 172.16.5.4:32813" app_id=tapr-2023-equipe1-historicoaluno-dotnet component="mdns (nameResolution/v1)" instance=codespaces-e5c463 scope=dapr.contrib type=log ver=1.12.2
time="2023-11-24T00:48:41.70789277Z" level=info msg="Initialized name resolution to mdns" app_id=tapr-2023-equipe1-historicoaluno-dotnet instance=codespaces-e5c463 scope=dapr.runtime type=log ver=1.12.2
time="2023-11-24T00:48:41.707988659Z" level=info msg="Loading components…" app_id=tapr-2023-equipe1-historicoaluno-dotnet instance=codespaces-e5c463 scope=dapr.runtime type=log ver=1.12.2
time="2023-11-24T00:48:41.710568166Z" level=info msg="Waiting for all outstanding components to be processed…" app_id=tapr-2023-equipe1-historicoaluno-dotnet instance=codespaces-e5c463 scope=dapr.runtime type=log ver=1.12.2
time="2023-11-24T00:48:44.714543584Z" level=info msg="Component loaded: servicebus-pubsub (pubsub.azure.servicebus.topics/v1)" app_id=tapr-2023-equipe1-historicoaluno-dotnet instance=codespaces-e5c463 scope=dapr.runtime type=log ver=1.12.2
time="2023-11-24T00:48:44.71463287Z" level=info msg="All outstanding components processed" app_id=tapr-2023-equipe1-historicoaluno-dotnet instance=codespaces-e5c463 scope=dapr.runtime type=log ver=1.12.2
time="2023-11-24T00:48:44.714690498Z" level=info msg="Loading endpoints…" app_id=tapr-2023-equipe1-historicoaluno-dotnet instance=codespaces-e5c463 scope=dapr.runtime type=log ver=1.12.2
time="2023-11-24T00:48:44.714923472Z" level=info msg="Waiting for all outstanding http endpoints to be processed…" app_id=tapr-2023-equipe1-historicoaluno-dotnet instance=codespaces-e5c463 scope=dapr.runtime type=log ver=1.12.2
time="2023-11-24T00:48:44.714969437Z" level=info msg="All outstanding http endpoints processed" app_id=tapr-2023-equipe1-historicoaluno-dotnet instance=codespaces-e5c463 scope=dapr.runtime type=log ver=1.12.2
time="2023-11-24T00:48:44.715092537Z" level=info msg="gRPC server listening on TCP address: :41307" app_id=tapr-2023-equipe1-historicoaluno-dotnet instance=codespaces-e5c463 scope=dapr.runtime.grpc.api type=log ver=1.12.2
time="2023-11-24T00:48:44.715140276Z" level=info msg="Enabled gRPC tracing middleware" app_id=tapr-2023-equipe1-historicoaluno-dotnet instance=codespaces-e5c463 scope=dapr.runtime.grpc.api type=log ver=1.12.2
time="2023-11-24T00:48:44.715174059Z" level=info msg="Enabled gRPC metrics middleware" app_id=tapr-2023-equipe1-historicoaluno-dotnet instance=codespaces-e5c463 scope=dapr.runtime.grpc.api type=log ver=1.12.2
time="2023-11-24T00:48:44.71529804Z" level=info msg="Registering workflow engine for gRPC endpoint: [::]:41307" app_id=tapr-2023-equipe1-historicoaluno-dotnet instance=codespaces-e5c463 scope=dapr.runtime.grpc.api type=log ver=1.12.2
time="2023-11-24T00:48:44.716309395Z" level=info msg="API gRPC server is running on port 41307" app_id=tapr-2023-equipe1-historicoaluno-dotnet instance=codespaces-e5c463 scope=dapr.runtime type=log ver=1.12.2
time="2023-11-24T00:48:44.717946417Z" level=info msg="Enabled max body size HTTP middleware with size 4 MB" app_id=tapr-2023-equipe1-historicoaluno-dotnet instance=codespaces-e5c463 scope=dapr.runtime.http type=log ver=1.12.2
time="2023-11-24T00:48:44.717994667Z" level=info msg="Enabled tracing HTTP middleware" app_id=tapr-2023-equipe1-historicoaluno-dotnet instance=codespaces-e5c463 scope=dapr.runtime.http type=log ver=1.12.2
time="2023-11-24T00:48:44.718027257Z" level=info msg="Enabled metrics HTTP middleware" app_id=tapr-2023-equipe1-historicoaluno-dotnet instance=codespaces-e5c463 scope=dapr.runtime.http type=log ver=1.12.2
time="2023-11-24T00:48:44.718415962Z" level=info msg="HTTP server listening on TCP address: :39811" app_id=tapr-2023-equipe1-historicoaluno-dotnet instance=codespaces-e5c463 scope=dapr.runtime.http type=log ver=1.12.2
time="2023-11-24T00:48:44.718478959Z" level=info msg="HTTP server is running on port 39811" app_id=tapr-2023-equipe1-historicoaluno-dotnet instance=codespaces-e5c463 scope=dapr.runtime type=log ver=1.12.2
time="2023-11-24T00:48:44.718514716Z" level=info msg="The request body size parameter is: 4" app_id=tapr-2023-equipe1-historicoaluno-dotnet instance=codespaces-e5c463 scope=dapr.runtime type=log ver=1.12.2
time="2023-11-24T00:48:44.718574818Z" level=info msg="gRPC server listening on TCP address: :32813" app_id=tapr-2023-equipe1-historicoaluno-dotnet instance=codespaces-e5c463 scope=dapr.runtime.grpc.internal type=log ver=1.12.2
time="2023-11-24T00:48:44.718611787Z" level=info msg="Enabled gRPC tracing middleware" app_id=tapr-2023-equipe1-historicoaluno-dotnet instance=codespaces-e5c463 scope=dapr.runtime.grpc.internal type=log ver=1.12.2
time="2023-11-24T00:48:44.71866195Z" level=info msg="Enabled gRPC metrics middleware" app_id=tapr-2023-equipe1-historicoaluno-dotnet instance=codespaces-e5c463 scope=dapr.runtime.grpc.internal type=log ver=1.12.2
time="2023-11-24T00:48:44.718714198Z" level=info msg="Internal gRPC server is running on port 32813" app_id=tapr-2023-equipe1-historicoaluno-dotnet instance=codespaces-e5c463 scope=dapr.runtime type=log ver=1.12.2
time="2023-11-24T00:48:44.719212687Z" level=info msg="application protocol: http. waiting on port 5202.  This will block until the app is listening on that port." app_id=tapr-2023-equipe1-historicoaluno-dotnet instance=codespaces-e5c463 scope=dapr.runtime type=log ver=1.12.2
Updating metadata for app command: dotnet run --configuration Release
Updating metadata for appPID: 38806
You're up and running! Dapr logs will appear here.

